#
# A fatal error has been detected by the Java Runtime Environment:
#
#  EXCEPTION_ACCESS_VIOLATION (0xc0000005) at pc=0x0000000063fa0754, pid=12504, tid=0x00000000000022f4
#
# JRE version: OpenJDK Runtime Environment (8.0_252-b09) (build 1.8.0_252-b09)
# Java VM: OpenJDK 64-Bit Server VM (25.252-b09 mixed mode windows-amd64 compressed oops)
# Problematic frame:
# V  [jvm.dll+0x130754]
#
# Failed to write core dump. Minidumps are not enabled by default on client versions of Windows
#
# If you would like to submit a bug report, please include
# instructions on how to reproduce the bug and visit:
#   http://bugreport.java.com/bugreport/crash.jsp
#

---------------  T H R E A D  ---------------

Current thread (0x000000001a8f1800):  JavaThread "JavaFX Application Thread" [_thread_in_vm, id=8948, stack(0x000000001b6e0000,0x000000001b7e0000)]

siginfo: ExceptionCode=0xc0000005, reading address 0x0000000000000000

Registers:
RAX=0x0000000000000000, RBX=0x000000001a8f1800, RCX=0x000000001a8f1800, RDX=0x00000000dc66a258
RSP=0x000000001b7da490, RBP=0x000000001b7da578, RSI=0x0000000000000000, RDI=0x000000001a8f19e0
R8 =0x0000000000000000, R9 =0x000000001b7da578, R10=0x0000000063fa0690, R11=0x0000000000000200
R12=0x0000000000000000, R13=0x00000000ffffffff, R14=0x00007ffa71057148, R15=0x0000000000000000
RIP=0x0000000063fa0754, EFLAGS=0x0000000000010246

Top of Stack: (sp=0x000000001b7da490)
0x000000001b7da490:   00007ffa6f0e34bc 0000000063fa9f5c
0x000000001b7da4a0:   0000000000000000 000000001a8e4ef8
0x000000001b7da4b0:   000000001a8e44b8 000000001b7da510
0x000000001b7da4c0:   00007ffa70e10b10 000000001b7da508
0x000000001b7da4d0:   000000001a8f1800 000000001a87a238
0x000000001b7da4e0:   000000000000062f 0000000064447e10
0x000000001b7da4f0:   00007ffa6f0e34b8 0000000063faa28f
0x000000001b7da500:   000000001a8f1800 00007ffa244128c7
0x000000001b7da510:   000000001a8e4ef8 00007ffa70e10b10
0x000000001b7da520:   000000001a8f19e0 00007ffa6d959b60
0x000000001b7da530:   0000000027e1e85c 00007ffa71006ff0
0x000000001b7da540:   00000000219215d0 00009c17c6f79c06
0x000000001b7da550:   000000001a8f19e0 00007ffa6eec3965
0x000000001b7da560:   0000000027e1e85c 00007ffa71006ff0
0x000000001b7da570:   0000000000000000 000000000000001c
0x000000001b7da580:   000000001a8f19e0 0000000000000000 

Instructions: (pc=0x0000000063fa0754)
0x0000000063fa0734:   00 48 83 7b 08 00 48 89 5c 24 40 48 c7 44 24 48
0x0000000063fa0744:   00 00 00 00 74 0a 48 8d 4c 24 40 e8 8c 96 12 00
0x0000000063fa0754:   48 8b 06 c7 44 24 30 04 00 00 00 48 8d 4c 24 60
0x0000000063fa0764:   48 8b 50 08 0f b7 42 24 48 8b 52 08 48 8b 54 c2 


Register to memory mapping:

RAX=0x0000000000000000 is an unknown value
RBX=0x000000001a8f1800 is a thread
RCX=0x000000001a8f1800 is a thread
RDX=0x00000000dc66a258 is an oop
java.lang.NoSuchMethodError 
 - klass: 'java/lang/NoSuchMethodError'
RSP=0x000000001b7da490 is pointing into the stack for thread: 0x000000001a8f1800
RBP=0x000000001b7da578 is pointing into the stack for thread: 0x000000001a8f1800
RSI=0x0000000000000000 is an unknown value
RDI=0x000000001a8f19e0 is an unknown value
R8 =0x0000000000000000 is an unknown value
R9 =0x000000001b7da578 is pointing into the stack for thread: 0x000000001a8f1800
R10=0x0000000063fa0690 is an unknown value
R11=0x0000000000000200 is an unknown value
R12=0x0000000000000000 is an unknown value
R13=0x00000000ffffffff is an unallocated location in the heap
R14=0x00007ffa71057148 is an unknown value
R15=0x0000000000000000 is an unknown value


Stack: [0x000000001b6e0000,0x000000001b7e0000],  sp=0x000000001b7da490,  free space=1001k
Native frames: (J=compiled Java code, j=interpreted, Vv=VM code, C=native code)
V  [jvm.dll+0x130754]
C  0x00007ffa6d959b60
C  0x00007ffa6eec3965
C  0x00007ffa6d977c82
C  0x00007ffa6d97adcd
C  0x00007ffa6db1fca6
C  0x00007ffa6da514af
C  0x00007ffa6dd33bbe
C  0x00007ffa6dc8fe28
C  0x00007ffa6dc96000
C  0x00007ffa6d99873d
C  0x00007ffa6d965fd5
C  0x0000000002b28a07

Java frames: (J=compiled Java code, j=interpreted, Vv=VM code)
j  com.sun.webkit.WebPage.twkCreatePage(Z)J+0
j  com.sun.webkit.WebPage.<init>(Lcom/sun/webkit/WebPageClient;Lcom/sun/webkit/UIClient;Lcom/sun/webkit/PolicyClient;Lcom/sun/webkit/InspectorClient;Lcom/sun/webkit/ThemeClient;Z)V+178
j  javafx.scene.web.WebEngine.<init>(Ljava/lang/String;Z)V+275
j  javafx.scene.web.WebEngine.<init>()V+3
j  javafx.scene.web.WebView.<init>()V+56
j  javafx.scene.web.WebViewBuilder.build()Ljavafx/scene/web/WebView;+4
v  ~StubRoutines::call_stub
J 2156  sun.reflect.NativeMethodAccessorImpl.invoke0(Ljava/lang/reflect/Method;Ljava/lang/Object;[Ljava/lang/Object;)Ljava/lang/Object; (0 bytes) @ 0x0000000002fb3ebf [0x0000000002fb3e40+0x7f]
J 2155 C1 sun.reflect.NativeMethodAccessorImpl.invoke(Ljava/lang/Object;[Ljava/lang/Object;)Ljava/lang/Object; (104 bytes) @ 0x0000000002fb461c [0x0000000002fb42a0+0x37c]
J 1106 C1 sun.reflect.DelegatingMethodAccessorImpl.invoke(Ljava/lang/Object;[Ljava/lang/Object;)Ljava/lang/Object; (10 bytes) @ 0x0000000002dec8a4 [0x0000000002dec860+0x44]
J 1105 C1 java.lang.reflect.Method.invoke(Ljava/lang/Object;[Ljava/lang/Object;)Ljava/lang/Object; (62 bytes) @ 0x0000000002dec4d4 [0x0000000002dec3e0+0xf4]
j  sun.reflect.misc.Trampoline.invoke(Ljava/lang/reflect/Method;Ljava/lang/Object;[Ljava/lang/Object;)Ljava/lang/Object;+7
j  sun.reflect.GeneratedMethodAccessor26.invoke(Ljava/lang/Object;[Ljava/lang/Object;)Ljava/lang/Object;+40
J 1106 C1 sun.reflect.DelegatingMethodAccessorImpl.invoke(Ljava/lang/Object;[Ljava/lang/Object;)Ljava/lang/Object; (10 bytes) @ 0x0000000002dec8a4 [0x0000000002dec860+0x44]
J 1105 C1 java.lang.reflect.Method.invoke(Ljava/lang/Object;[Ljava/lang/Object;)Ljava/lang/Object; (62 bytes) @ 0x0000000002dec4d4 [0x0000000002dec3e0+0xf4]
j  sun.reflect.misc.MethodUtil.invoke(Ljava/lang/reflect/Method;Ljava/lang/Object;[Ljava/lang/Object;)Ljava/lang/Object;+20
j  javafx.fxml.JavaFXBuilder$ObjectBuilder.build()Ljava/lang/Object;+71
j  javafx.fxml.FXMLLoader$ValueElement.processEndElement()V+24
j  javafx.fxml.FXMLLoader.processEndElement()V+4
j  javafx.fxml.FXMLLoader.loadImpl(Ljava/io/InputStream;Ljava/lang/Class;)Ljava/lang/Object;+210
j  javafx.fxml.FXMLLoader.loadImpl(Ljava/lang/Class;)Ljava/lang/Object;+30
j  javafx.fxml.FXMLLoader.load()Ljava/lang/Object;+14
j  de.felixroske.jfxsupport.AbstractFxmlView.loadSynchronously(Ljava/net/URL;Ljava/util/Optional;)Ljavafx/fxml/FXMLLoader;+28
j  de.felixroske.jfxsupport.AbstractFxmlView.ensureFxmlLoaderInitialized()V+18
j  de.felixroske.jfxsupport.AbstractFxmlView.getView()Ljavafx/scene/Parent;+1
j  de.felixroske.jfxsupport.AbstractJavaFxApplicationSupport.showView(Ljava/lang/Class;)V+40
j  example.controller.login.LoginController.showToolWindow(Ljavafx/event/Event;)V+69
v  ~StubRoutines::call_stub
J 2156  sun.reflect.NativeMethodAccessorImpl.invoke0(Ljava/lang/reflect/Method;Ljava/lang/Object;[Ljava/lang/Object;)Ljava/lang/Object; (0 bytes) @ 0x0000000002fb3ebf [0x0000000002fb3e40+0x7f]
J 2155 C1 sun.reflect.NativeMethodAccessorImpl.invoke(Ljava/lang/Object;[Ljava/lang/Object;)Ljava/lang/Object; (104 bytes) @ 0x0000000002fb461c [0x0000000002fb42a0+0x37c]
J 1106 C1 sun.reflect.DelegatingMethodAccessorImpl.invoke(Ljava/lang/Object;[Ljava/lang/Object;)Ljava/lang/Object; (10 bytes) @ 0x0000000002dec8a4 [0x0000000002dec860+0x44]
J 1105 C1 java.lang.reflect.Method.invoke(Ljava/lang/Object;[Ljava/lang/Object;)Ljava/lang/Object; (62 bytes) @ 0x0000000002dec4d4 [0x0000000002dec3e0+0xf4]
j  sun.reflect.misc.Trampoline.invoke(Ljava/lang/reflect/Method;Ljava/lang/Object;[Ljava/lang/Object;)Ljava/lang/Object;+7
j  sun.reflect.GeneratedMethodAccessor26.invoke(Ljava/lang/Object;[Ljava/lang/Object;)Ljava/lang/Object;+40
J 1106 C1 sun.reflect.DelegatingMethodAccessorImpl.invoke(Ljava/lang/Object;[Ljava/lang/Object;)Ljava/lang/Object; (10 bytes) @ 0x0000000002dec8a4 [0x0000000002dec860+0x44]
J 1105 C1 java.lang.reflect.Method.invoke(Ljava/lang/Object;[Ljava/lang/Object;)Ljava/lang/Object; (62 bytes) @ 0x0000000002dec4d4 [0x0000000002dec3e0+0xf4]
j  sun.reflect.misc.MethodUtil.invoke(Ljava/lang/reflect/Method;Ljava/lang/Object;[Ljava/lang/Object;)Ljava/lang/Object;+20
j  javafx.fxml.FXMLLoader$MethodHandler.invoke([Ljava/lang/Object;)V+19
j  javafx.fxml.FXMLLoader$ControllerMethodEventHandler.handle(Ljavafx/event/Event;)V+12
J 5015 C1 com.sun.javafx.event.CompositeEventHandler.dispatchBubblingEvent(Ljavafx/event/Event;)V (57 bytes) @ 0x00000000034771f4 [0x0000000003477120+0xd4]
J 4768 C1 com.sun.javafx.event.EventHandlerManager.dispatchBubblingEvent(Ljavafx/event/Event;)Ljavafx/event/Event; (23 bytes) @ 0x000000000341778c [0x0000000003417660+0x12c]
J 4767 C1 com.sun.javafx.event.CompositeEventDispatcher.dispatchBubblingEvent(Ljavafx/event/Event;)Ljavafx/event/Event; (35 bytes) @ 0x0000000003417d2c [0x0000000003417cc0+0x6c]
J 4761 C1 com.sun.javafx.event.BasicEventDispatcher.dispatchEvent(Ljavafx/event/Event;Ljavafx/event/EventDispatchChain;)Ljavafx/event/Event; (44 bytes) @ 0x000000000341642c [0x0000000003416360+0xcc]
J 4741 C1 com.sun.javafx.event.EventDispatchChainImpl.dispatchEvent(Ljavafx/event/Event;)Ljavafx/event/Event; (101 bytes) @ 0x000000000340dcb4 [0x000000000340dc00+0xb4]
J 4761 C1 com.sun.javafx.event.BasicEventDispatcher.dispatchEvent(Ljavafx/event/Event;Ljavafx/event/EventDispatchChain;)Ljavafx/event/Event; (44 bytes) @ 0x0000000003416404 [0x0000000003416360+0xa4]
J 4741 C1 com.sun.javafx.event.EventDispatchChainImpl.dispatchEvent(Ljavafx/event/Event;)Ljavafx/event/Event; (101 bytes) @ 0x000000000340dcb4 [0x000000000340dc00+0xb4]
J 4761 C1 com.sun.javafx.event.BasicEventDispatcher.dispatchEvent(Ljavafx/event/Event;Ljavafx/event/EventDispatchChain;)Ljavafx/event/Event; (44 bytes) @ 0x0000000003416404 [0x0000000003416360+0xa4]
J 4741 C1 com.sun.javafx.event.EventDispatchChainImpl.dispatchEvent(Ljavafx/event/Event;)Ljavafx/event/Event; (101 bytes) @ 0x000000000340dcb4 [0x000000000340dc00+0xb4]
J 4956 C1 com.sun.javafx.event.EventUtil.fireEvent(Ljavafx/event/EventTarget;Ljavafx/event/Event;)Ljavafx/event/Event; (81 bytes) @ 0x000000000345eebc [0x000000000345ed60+0x15c]
j  javafx.event.Event.fireEvent(Ljavafx/event/EventTarget;Ljavafx/event/Event;)V+30
j  javafx.scene.Node.fireEvent(Ljavafx/event/Event;)V+86
j  javafx.scene.control.Button.fire()V+15
j  com.sun.javafx.scene.control.behavior.ButtonBehavior.mouseReleased(Ljavafx/scene/input/MouseEvent;)V+23
j  com.sun.javafx.scene.control.skin.BehaviorSkinBase$1.handle(Ljavafx/scene/input/MouseEvent;)V+83
j  com.sun.javafx.scene.control.skin.BehaviorSkinBase$1.handle(Ljavafx/event/Event;)V+5
J 5047 C1 com.sun.javafx.event.CompositeEventHandler$NormalEventHandlerRecord.handleBubblingEvent(Ljavafx/event/Event;)V (11 bytes) @ 0x0000000003481324 [0x00000000034812e0+0x44]
J 5015 C1 com.sun.javafx.event.CompositeEventHandler.dispatchBubblingEvent(Ljavafx/event/Event;)V (57 bytes) @ 0x00000000034771b4 [0x0000000003477120+0x94]
J 4768 C1 com.sun.javafx.event.EventHandlerManager.dispatchBubblingEvent(Ljavafx/event/Event;)Ljavafx/event/Event; (23 bytes) @ 0x000000000341778c [0x0000000003417660+0x12c]
J 4767 C1 com.sun.javafx.event.CompositeEventDispatcher.dispatchBubblingEvent(Ljavafx/event/Event;)Ljavafx/event/Event; (35 bytes) @ 0x0000000003417d2c [0x0000000003417cc0+0x6c]
J 4761 C1 com.sun.javafx.event.BasicEventDispatcher.dispatchEvent(Ljavafx/event/Event;Ljavafx/event/EventDispatchChain;)Ljavafx/event/Event; (44 bytes) @ 0x000000000341642c [0x0000000003416360+0xcc]
J 4741 C1 com.sun.javafx.event.EventDispatchChainImpl.dispatchEvent(Ljavafx/event/Event;)Ljavafx/event/Event; (101 bytes) @ 0x000000000340dcb4 [0x000000000340dc00+0xb4]
J 4761 C1 com.sun.javafx.event.BasicEventDispatcher.dispatchEvent(Ljavafx/event/Event;Ljavafx/event/EventDispatchChain;)Ljavafx/event/Event; (44 bytes) @ 0x0000000003416404 [0x0000000003416360+0xa4]
J 4741 C1 com.sun.javafx.event.EventDispatchChainImpl.dispatchEvent(Ljavafx/event/Event;)Ljavafx/event/Event; (101 bytes) @ 0x000000000340dcb4 [0x000000000340dc00+0xb4]
J 4761 C1 com.sun.javafx.event.BasicEventDispatcher.dispatchEvent(Ljavafx/event/Event;Ljavafx/event/EventDispatchChain;)Ljavafx/event/Event; (44 bytes) @ 0x0000000003416404 [0x0000000003416360+0xa4]
J 4741 C1 com.sun.javafx.event.EventDispatchChainImpl.dispatchEvent(Ljavafx/event/Event;)Ljavafx/event/Event; (101 bytes) @ 0x000000000340dcb4 [0x000000000340dc00+0xb4]
J 4956 C1 com.sun.javafx.event.EventUtil.fireEvent(Ljavafx/event/EventTarget;Ljavafx/event/Event;)Ljavafx/event/Event; (81 bytes) @ 0x000000000345ef34 [0x000000000345ed60+0x1d4]
J 4950 C1 javafx.scene.Scene$MouseHandler.process(Ljavafx/scene/input/MouseEvent;Z)V (735 bytes) @ 0x000000000345b0dc [0x000000000345a7c0+0x91c]
J 4748 C1 javafx.scene.Scene$MouseHandler.access$1500(Ljavafx/scene/Scene$MouseHandler;Ljavafx/scene/input/MouseEvent;Z)V (7 bytes) @ 0x0000000003410d74 [0x0000000003410d60+0x14]
j  javafx.scene.Scene.impl_processMouseEvent(Ljavafx/scene/input/MouseEvent;)V+6
j  javafx.scene.Scene$ScenePeerListener.mouseEvent(Ljavafx/event/EventType;DDDDLjavafx/scene/input/MouseButton;ZZZZZZZZZ)V+46
j  com.sun.javafx.tk.quantum.GlassViewEventHandler$MouseEventNotification.run()Ljava/lang/Void;+571
j  com.sun.javafx.tk.quantum.GlassViewEventHandler$MouseEventNotification.run()Ljava/lang/Object;+1
v  ~StubRoutines::call_stub
J 1471  java.security.AccessController.doPrivileged(Ljava/security/PrivilegedAction;Ljava/security/AccessControlContext;)Ljava/lang/Object; (0 bytes) @ 0x0000000002e844e6 [0x0000000002e84480+0x66]
J 4995 C1 com.sun.javafx.tk.quantum.GlassViewEventHandler$$Lambda$198.get()Ljava/lang/Object; (8 bytes) @ 0x000000000346f8cc [0x000000000346f880+0x4c]
J 4948 C1 com.sun.javafx.tk.quantum.QuantumToolkit.runWithoutRenderLock(Ljava/util/function/Supplier;)Ljava/lang/Object; (49 bytes) @ 0x000000000345d09c [0x000000000345d020+0x7c]
J 4992 C1 com.sun.javafx.tk.quantum.GlassViewEventHandler.handleMouseEvent(Lcom/sun/glass/ui/View;JIIIIIIIZZ)V (108 bytes) @ 0x000000000346ee54 [0x000000000346ed40+0x114]
J 4967 C1 com.sun.glass.ui.View.notifyMouse(IIIIIIIZZ)V (221 bytes) @ 0x0000000003465064 [0x0000000003464b40+0x524]
v  ~StubRoutines::call_stub
j  com.sun.glass.ui.win.WinApplication._runLoop(Ljava/lang/Runnable;)V+0
j  com.sun.glass.ui.win.WinApplication.lambda$null$3(ILjava/lang/Runnable;)V+8
j  com.sun.glass.ui.win.WinApplication$$Lambda$39.run()V+12
j  java.lang.Thread.run()V+11
v  ~StubRoutines::call_stub

---------------  P R O C E S S  ---------------

Java Threads: ( => current thread )
  0x0000000022f48800 JavaThread "ForkJoinPool.commonPool-worker-2" daemon [_thread_blocked, id=16836, stack(0x000000002b030000,0x000000002b130000)]
  0x0000000022f45800 JavaThread "HikariPool-1 connection adder" daemon [_thread_blocked, id=17644, stack(0x0000000029560000,0x0000000029660000)]
  0x0000000022f47800 JavaThread "HikariPool-1 housekeeper" daemon [_thread_blocked, id=10580, stack(0x0000000029260000,0x0000000029360000)]
  0x0000000022f4a000 JavaThread "Abandoned connection cleanup thread" daemon [_thread_blocked, id=6212, stack(0x0000000028ae0000,0x0000000028be0000)]
  0x0000000022f47000 JavaThread "Prism Font Disposer" daemon [_thread_blocked, id=13068, stack(0x0000000024520000,0x0000000024620000)]
  0x000000001aa21800 JavaThread "ForkJoinPool.commonPool-worker-1" daemon [_thread_blocked, id=10756, stack(0x0000000022920000,0x0000000022a20000)]
  0x000000001a9f0000 JavaThread "JavaFX-Launcher" [_thread_blocked, id=12704, stack(0x0000000022620000,0x0000000022720000)]
  0x000000001a992800 JavaThread "AWT-Windows" daemon [_thread_in_native, id=13484, stack(0x0000000022520000,0x0000000022620000)]
  0x000000001a991800 JavaThread "Java2D Disposer" daemon [_thread_blocked, id=14264, stack(0x0000000022320000,0x0000000022420000)]
  0x000000001a950000 JavaThread "Thread-3" daemon [_thread_in_native, id=15380, stack(0x0000000021f70000,0x0000000022070000)]
=>0x000000001a8f1800 JavaThread "JavaFX Application Thread" [_thread_in_vm, id=8948, stack(0x000000001b6e0000,0x000000001b7e0000)]
  0x000000001a8e8000 JavaThread "Thread-2" daemon [_thread_blocked, id=15416, stack(0x000000001b5e0000,0x000000001b6e0000)]
  0x000000001a8db000 JavaThread "QuantumRenderer-0" daemon [_thread_blocked, id=6420, stack(0x000000001b200000,0x000000001b300000)]
  0x000000001a815000 JavaThread "RMI TCP Accept-0" daemon [_thread_in_native, id=16668, stack(0x000000001aec0000,0x000000001afc0000)]
  0x0000000019cbe800 JavaThread "Service Thread" daemon [_thread_blocked, id=11604, stack(0x000000001adc0000,0x000000001aec0000)]
  0x0000000019be6000 JavaThread "C1 CompilerThread3" daemon [_thread_blocked, id=5092, stack(0x000000001a4c0000,0x000000001a5c0000)]
  0x0000000019be5800 JavaThread "C2 CompilerThread2" daemon [_thread_blocked, id=12120, stack(0x000000001a3c0000,0x000000001a4c0000)]
  0x0000000019ba4800 JavaThread "C2 CompilerThread1" daemon [_thread_blocked, id=9468, stack(0x000000001a2c0000,0x000000001a3c0000)]
  0x0000000019ba4000 JavaThread "C2 CompilerThread0" daemon [_thread_blocked, id=3852, stack(0x000000001a1c0000,0x000000001a2c0000)]
  0x0000000019c69000 JavaThread "Monitor Ctrl-Break" daemon [_thread_in_native, id=13976, stack(0x000000001a0c0000,0x000000001a1c0000)]
  0x0000000019951000 JavaThread "Attach Listener" daemon [_thread_blocked, id=13232, stack(0x0000000019fc0000,0x000000001a0c0000)]
  0x0000000019950000 JavaThread "Signal Dispatcher" daemon [_thread_blocked, id=14868, stack(0x0000000019ec0000,0x0000000019fc0000)]
  0x00000000198e1000 JavaThread "Finalizer" daemon [_thread_blocked, id=14116, stack(0x0000000019dc0000,0x0000000019ec0000)]
  0x0000000017acc800 JavaThread "Reference Handler" daemon [_thread_blocked, id=12372, stack(0x0000000019cc0000,0x0000000019dc0000)]
  0x0000000002a15000 JavaThread "main" [_thread_blocked, id=10056, stack(0x00000000027b0000,0x00000000028b0000)]

Other Threads:
  0x0000000017ac8800 VMThread [stack: 0x00000000197c0000,0x00000000198c0000] [id=15220]
  0x000000001a81f800 WatcherThread [stack: 0x000000001b030000,0x000000001b130000] [id=15660]

VM state:not at safepoint (normal execution)

VM Mutex/Monitor currently owned by a thread: None

heap address: 0x0000000081400000, size: 2028 MB, Compressed Oops mode: 32-bit
Narrow klass base: 0x0000000000000000, Narrow klass shift: 3
Compressed class space size: 1073741824 Address: 0x0000000100000000

Heap:
 PSYoungGen      total 172032K, used 119573K [0x00000000d5c00000, 0x00000000e2380000, 0x0000000100000000)
  eden space 161280K, 67% used [0x00000000d5c00000,0x00000000dc66e3a8,0x00000000df980000)
  from space 10752K, 98% used [0x00000000e1900000,0x00000000e23570b8,0x00000000e2380000)
  to   space 13824K, 0% used [0x00000000e0880000,0x00000000e0880000,0x00000000e1600000)
 ParOldGen       total 90624K, used 23939K [0x0000000081400000, 0x0000000086c80000, 0x00000000d5c00000)
  object space 90624K, 26% used [0x0000000081400000,0x0000000082b60eb0,0x0000000086c80000)
 Metaspace       used 48600K, capacity 50786K, committed 51072K, reserved 1093632K
  class space    used 6514K, capacity 6954K, committed 7040K, reserved 1048576K

Card table byte_map: [0x0000000011ed0000,0x00000000122d0000] byte_map_base: 0x0000000011ac6000

Marking Bits: (ParMarkBitMap*) 0x00000000646450b0
 Begin Bits: [0x0000000012d80000, 0x0000000014d30000)
 End Bits:   [0x0000000014d30000, 0x0000000016ce0000)

Polling page: 0x00000000001e0000

CodeCache: size=245760Kb used=9674Kb max_used=9674Kb free=236085Kb
 bounds [0x0000000002b10000, 0x0000000003490000, 0x0000000011b10000]
 total_blobs=5964 nmethods=5055 adapters=820
 compilation: enabled

Compilation events (10 events):
Event: 13.179 Thread 0x0000000019be6000 5079       1       java.lang.invoke.InnerClassLambdaMetafactory$ForwardingMethodGenerator::generate (176 bytes)
Event: 13.180 Thread 0x0000000019be6000 nmethod 5079 0x0000000002cb0490 code [0x0000000002cb06c0, 0x0000000002cb0bf8]
Event: 13.180 Thread 0x0000000019be6000 5080       1       java.lang.invoke.InnerClassLambdaMetafactory$ForwardingMethodGenerator::convertArgumentTypes (197 bytes)
Event: 13.181 Thread 0x0000000019be6000 nmethod 5080 0x0000000002caf2d0 code [0x0000000002caf4e0, 0x0000000002cafb78]
Event: 13.181 Thread 0x0000000019be6000 5081       1       java.lang.invoke.InnerClassLambdaMetafactory$ForwardingMethodGenerator::invocationOpcode (93 bytes)
Event: 13.181 Thread 0x0000000019be6000 nmethod 5081 0x0000000002caea90 code [0x0000000002caec40, 0x0000000002caf078]
Event: 13.181 Thread 0x0000000019be6000 5082       1       java.lang.invoke.InnerClassLambdaMetafactory::getReturnOpcode (20 bytes)
Event: 13.181 Thread 0x0000000019be6000 nmethod 5082 0x0000000002cae710 code [0x0000000002cae860, 0x0000000002cae9a8]
Event: 13.181 Thread 0x0000000019be6000 5083       1       java.lang.invoke.Invokers::callSiteForm (295 bytes)
Event: 13.182 Thread 0x0000000019be6000 nmethod 5083 0x0000000003481750 code [0x0000000003481980, 0x0000000003482378]

GC Heap History (10 events):
Event: 3.747 GC heap before
{Heap before GC invocations=6 (full 1):
 PSYoungGen      total 64512K, used 64479K [0x00000000d5c00000, 0x00000000da700000, 0x0000000100000000)
  eden space 59392K, 99% used [0x00000000d5c00000,0x00000000d95feae0,0x00000000d9600000)
  from space 5120K, 99% used [0x00000000da200000,0x00000000da6f94f0,0x00000000da700000)
  to   space 5120K, 0% used [0x00000000d9d00000,0x00000000d9d00000,0x00000000da200000)
 ParOldGen       total 59392K, used 13464K [0x0000000081400000, 0x0000000084e00000, 0x00000000d5c00000)
  object space 59392K, 22% used [0x0000000081400000,0x0000000082126130,0x0000000084e00000)
 Metaspace       used 24813K, capacity 25698K, committed 25728K, reserved 1071104K
  class space    used 3198K, capacity 3449K, committed 3456K, reserved 1048576K
Event: 3.753 GC heap after
Heap after GC invocations=6 (full 1):
 PSYoungGen      total 71680K, used 5100K [0x00000000d5c00000, 0x00000000dda80000, 0x0000000100000000)
  eden space 66560K, 0% used [0x00000000d5c00000,0x00000000d5c00000,0x00000000d9d00000)
  from space 5120K, 99% used [0x00000000d9d00000,0x00000000da1fb188,0x00000000da200000)
  to   space 12288K, 0% used [0x00000000dce80000,0x00000000dce80000,0x00000000dda80000)
 ParOldGen       total 59392K, used 18108K [0x0000000081400000, 0x0000000084e00000, 0x00000000d5c00000)
  object space 59392K, 30% used [0x0000000081400000,0x00000000825af368,0x0000000084e00000)
 Metaspace       used 24813K, capacity 25698K, committed 25728K, reserved 1071104K
  class space    used 3198K, capacity 3449K, committed 3456K, reserved 1048576K
}
Event: 4.131 GC heap before
{Heap before GC invocations=7 (full 1):
 PSYoungGen      total 71680K, used 71660K [0x00000000d5c00000, 0x00000000dda80000, 0x0000000100000000)
  eden space 66560K, 100% used [0x00000000d5c00000,0x00000000d9d00000,0x00000000d9d00000)
  from space 5120K, 99% used [0x00000000d9d00000,0x00000000da1fb188,0x00000000da200000)
  to   space 12288K, 0% used [0x00000000dce80000,0x00000000dce80000,0x00000000dda80000)
 ParOldGen       total 59392K, used 18108K [0x0000000081400000, 0x0000000084e00000, 0x00000000d5c00000)
  object space 59392K, 30% used [0x0000000081400000,0x00000000825af368,0x0000000084e00000)
 Metaspace       used 27442K, capacity 28548K, committed 28800K, reserved 1075200K
  class space    used 3597K, capacity 3854K, committed 3968K, reserved 1048576K
Event: 4.136 GC heap after
Heap after GC invocations=7 (full 1):
 PSYoungGen      total 117760K, used 7517K [0x00000000d5c00000, 0x00000000de480000, 0x0000000100000000)
  eden space 105472K, 0% used [0x00000000d5c00000,0x00000000d5c00000,0x00000000dc300000)
  from space 12288K, 61% used [0x00000000dce80000,0x00000000dd5d7570,0x00000000dda80000)
  to   space 11776K, 0% used [0x00000000dc300000,0x00000000dc300000,0x00000000dce80000)
 ParOldGen       total 59392K, used 18116K [0x0000000081400000, 0x0000000084e00000, 0x00000000d5c00000)
  object space 59392K, 30% used [0x0000000081400000,0x00000000825b1368,0x0000000084e00000)
 Metaspace       used 27442K, capacity 28548K, committed 28800K, reserved 1075200K
  class space    used 3597K, capacity 3854K, committed 3968K, reserved 1048576K
}
Event: 5.520 GC heap before
{Heap before GC invocations=8 (full 1):
 PSYoungGen      total 117760K, used 80111K [0x00000000d5c00000, 0x00000000de480000, 0x0000000100000000)
  eden space 105472K, 68% used [0x00000000d5c00000,0x00000000da2e4850,0x00000000dc300000)
  from space 12288K, 61% used [0x00000000dce80000,0x00000000dd5d7570,0x00000000dda80000)
  to   space 11776K, 0% used [0x00000000dc300000,0x00000000dc300000,0x00000000dce80000)
 ParOldGen       total 59392K, used 18116K [0x0000000081400000, 0x0000000084e00000, 0x00000000d5c00000)
  object space 59392K, 30% used [0x0000000081400000,0x00000000825b1368,0x0000000084e00000)
 Metaspace       used 33980K, capacity 35254K, committed 35416K, reserved 1079296K
  class space    used 4482K, capacity 4781K, committed 4864K, reserved 1048576K
Event: 5.531 GC heap after
Heap after GC invocations=8 (full 1):
 PSYoungGen      total 117248K, used 11771K [0x00000000d5c00000, 0x00000000e2600000, 0x0000000100000000)
  eden space 105472K, 0% used [0x00000000d5c00000,0x00000000d5c00000,0x00000000dc300000)
  from space 11776K, 99% used [0x00000000dc300000,0x00000000dce7ef48,0x00000000dce80000)
  to   space 13312K, 0% used [0x00000000e1900000,0x00000000e1900000,0x00000000e2600000)
 ParOldGen       total 59392K, used 18860K [0x0000000081400000, 0x0000000084e00000, 0x00000000d5c00000)
  object space 59392K, 31% used [0x0000000081400000,0x000000008266b1b8,0x0000000084e00000)
 Metaspace       used 33980K, capacity 35254K, committed 35416K, reserved 1079296K
  class space    used 4482K, capacity 4781K, committed 4864K, reserved 1048576K
}
Event: 5.531 GC heap before
{Heap before GC invocations=9 (full 2):
 PSYoungGen      total 117248K, used 11771K [0x00000000d5c00000, 0x00000000e2600000, 0x0000000100000000)
  eden space 105472K, 0% used [0x00000000d5c00000,0x00000000d5c00000,0x00000000dc300000)
  from space 11776K, 99% used [0x00000000dc300000,0x00000000dce7ef48,0x00000000dce80000)
  to   space 13312K, 0% used [0x00000000e1900000,0x00000000e1900000,0x00000000e2600000)
 ParOldGen       total 59392K, used 18860K [0x0000000081400000, 0x0000000084e00000, 0x00000000d5c00000)
  object space 59392K, 31% used [0x0000000081400000,0x000000008266b1b8,0x0000000084e00000)
 Metaspace       used 33980K, capacity 35254K, committed 35416K, reserved 1079296K
  class space    used 4482K, capacity 4781K, committed 4864K, reserved 1048576K
Event: 5.579 GC heap after
Heap after GC invocations=9 (full 2):
 PSYoungGen      total 117248K, used 0K [0x00000000d5c00000, 0x00000000e2600000, 0x0000000100000000)
  eden space 105472K, 0% used [0x00000000d5c00000,0x00000000d5c00000,0x00000000dc300000)
  from space 11776K, 0% used [0x00000000dc300000,0x00000000dc300000,0x00000000dce80000)
  to   space 13312K, 0% used [0x00000000e1900000,0x00000000e1900000,0x00000000e2600000)
 ParOldGen       total 90624K, used 23931K [0x0000000081400000, 0x0000000086c80000, 0x00000000d5c00000)
  object space 90624K, 26% used [0x0000000081400000,0x0000000082b5eeb0,0x0000000086c80000)
 Metaspace       used 33980K, capacity 35254K, committed 35416K, reserved 1079296K
  class space    used 4482K, capacity 4781K, committed 4864K, reserved 1048576K
}
Event: 6.353 GC heap before
{Heap before GC invocations=10 (full 2):
 PSYoungGen      total 117248K, used 105472K [0x00000000d5c00000, 0x00000000e2600000, 0x0000000100000000)
  eden space 105472K, 100% used [0x00000000d5c00000,0x00000000dc300000,0x00000000dc300000)
  from space 11776K, 0% used [0x00000000dc300000,0x00000000dc300000,0x00000000dce80000)
  to   space 13312K, 0% used [0x00000000e1900000,0x00000000e1900000,0x00000000e2600000)
 ParOldGen       total 90624K, used 23931K [0x0000000081400000, 0x0000000086c80000, 0x00000000d5c00000)
  object space 90624K, 26% used [0x0000000081400000,0x0000000082b5eeb0,0x0000000086c80000)
 Metaspace       used 42648K, capacity 44464K, committed 44672K, reserved 1087488K
  class space    used 5597K, capacity 5946K, committed 6016K, reserved 1048576K
Event: 6.363 GC heap after
Heap after GC invocations=10 (full 2):
 PSYoungGen      total 172032K, used 10588K [0x00000000d5c00000, 0x00000000e2380000, 0x0000000100000000)
  eden space 161280K, 0% used [0x00000000d5c00000,0x00000000d5c00000,0x00000000df980000)
  from space 10752K, 98% used [0x00000000e1900000,0x00000000e23570b8,0x00000000e2380000)
  to   space 13824K, 0% used [0x00000000e0880000,0x00000000e0880000,0x00000000e1600000)
 ParOldGen       total 90624K, used 23939K [0x0000000081400000, 0x0000000086c80000, 0x00000000d5c00000)
  object space 90624K, 26% used [0x0000000081400000,0x0000000082b60eb0,0x0000000086c80000)
 Metaspace       used 42648K, capacity 44464K, committed 44672K, reserved 1087488K
  class space    used 5597K, capacity 5946K, committed 6016K, reserved 1048576K
}

Deoptimization events (0 events):
No events

Classes redefined (0 events):
No events

Internal exceptions (10 events):
Event: 6.726 Thread 0x000000001aa21800 Exception <a 'java/lang/ArrayIndexOutOfBoundsException'> (0x00000000d9d8c088) thrown at [C:\ws\UTv\Corretto8Src\installers\windows\zip\corretto-build\buildRoot\src\hotspot\src\share\vm\runtime\sharedRuntime.cpp, line 609]
Event: 6.726 Thread 0x000000001aa21800 Exception <a 'java/lang/ArrayIndexOutOfBoundsException'> (0x00000000d9d93ca0) thrown at [C:\ws\UTv\Corretto8Src\installers\windows\zip\corretto-build\buildRoot\src\hotspot\src\share\vm\runtime\sharedRuntime.cpp, line 609]
Event: 6.743 Thread 0x000000001aa21800 Exception <a 'java/lang/ArrayIndexOutOfBoundsException'> (0x00000000da05d9e8) thrown at [C:\ws\UTv\Corretto8Src\installers\windows\zip\corretto-build\buildRoot\src\hotspot\src\share\vm\runtime\sharedRuntime.cpp, line 609]
Event: 6.820 Thread 0x000000001a8f1800 Exception <a 'java/lang/ArrayIndexOutOfBoundsException'> (0x00000000da8008b0) thrown at [C:\ws\UTv\Corretto8Src\installers\windows\zip\corretto-build\buildRoot\src\hotspot\src\share\vm\runtime\sharedRuntime.cpp, line 609]
Event: 6.845 Thread 0x000000001a8f1800 Exception <a 'java/lang/ArrayIndexOutOfBoundsException'> (0x00000000daade7d0) thrown at [C:\ws\UTv\Corretto8Src\installers\windows\zip\corretto-build\buildRoot\src\hotspot\src\share\vm\runtime\sharedRuntime.cpp, line 609]
Event: 6.877 Thread 0x000000001a8f1800 Exception <a 'java/io/FileNotFoundException'> (0x00000000dab0bf50) thrown at [C:\ws\UTv\Corretto8Src\installers\windows\zip\corretto-build\buildRoot\src\hotspot\src\share\vm\prims\jni.cpp, line 710]
Event: 12.884 Thread 0x000000001a8f1800 Exception <a 'java/lang/ArrayIndexOutOfBoundsException'> (0x00000000dbdf1348) thrown at [C:\ws\UTv\Corretto8Src\installers\windows\zip\corretto-build\buildRoot\src\hotspot\src\share\vm\runtime\sharedRuntime.cpp, line 609]
Event: 13.299 Thread 0x000000001a8f1800 Exception <a 'java/lang/UnsatisfiedLinkError'> (0x00000000dc586b58) thrown at [C:\ws\UTv\Corretto8Src\installers\windows\zip\corretto-build\buildRoot\src\hotspot\src\share\vm\prims\jvm.cpp, line 4090]
Event: 13.299 Thread 0x000000001a8f1800 Exception <a 'java/lang/UnsatisfiedLinkError'> (0x00000000dc586b58) thrown at [C:\ws\UTv\Corretto8Src\installers\windows\zip\corretto-build\buildRoot\src\hotspot\src\share\vm\prims\jni.cpp, line 710]
Event: 13.348 Thread 0x000000001a8f1800 Exception <a 'java/lang/NoSuchMethodError': fwkIsMainThread> (0x00000000dc66a258) thrown at [C:\ws\UTv\Corretto8Src\installers\windows\zip\corretto-build\buildRoot\src\hotspot\src\share\vm\prims\jni.cpp, line 1583]

Events (10 events):
Event: 13.343 loading class com/sun/javafx/webkit/theme/ScrollBarThemeImpl$ScrollBarRef
Event: 13.343 loading class com/sun/javafx/webkit/theme/ScrollBarThemeImpl$ScrollBarRef done
Event: 13.343 loading class com/sun/javafx/webkit/theme/ScrollBarThemeImpl$1
Event: 13.343 loading class com/sun/javafx/webkit/theme/ScrollBarThemeImpl$1 done
Event: 13.343 loading class com/sun/webkit/WCFrameView
Event: 13.343 loading class com/sun/webkit/WCFrameView done
Event: 13.343 loading class com/sun/webkit/WCWidget
Event: 13.343 loading class com/sun/webkit/WCWidget done
Event: 13.347 loading class com/sun/webkit/MainThread
Event: 13.347 loading class com/sun/webkit/MainThread done


Dynamic libraries:
0x00007ff7a7270000 - 0x00007ff7a72a5000 	C:\Users\Rabbit\.jdks\corretto-1.8.0_252\bin\java.exe
0x00007ffacc5a0000 - 0x00007ffacc78d000 	C:\Windows\SYSTEM32\ntdll.dll
0x00007ffacb9c0000 - 0x00007ffacba73000 	C:\Windows\System32\KERNEL32.DLL
0x00007ffac92c0000 - 0x00007ffac9555000 	C:\Windows\System32\KERNELBASE.dll
0x00007ffacc040000 - 0x00007ffacc0e3000 	C:\Windows\System32\ADVAPI32.dll
0x00007ffacb5b0000 - 0x00007ffacb64e000 	C:\Windows\System32\msvcrt.dll
0x00007ffacbe60000 - 0x00007ffacbefe000 	C:\Windows\System32\sechost.dll
0x00007ffac9800000 - 0x00007ffac9922000 	C:\Windows\System32\RPCRT4.dll
0x00007ffac9930000 - 0x00007ffac9ac7000 	C:\Windows\System32\USER32.dll
0x00007ffac8fb0000 - 0x00007ffac8fd0000 	C:\Windows\System32\win32u.dll
0x00007ffacbb50000 - 0x00007ffacbb79000 	C:\Windows\System32\GDI32.dll
0x00007ffac8fd0000 - 0x00007ffac9169000 	C:\Windows\System32\gdi32full.dll
0x00007ffac9220000 - 0x00007ffac92c0000 	C:\Windows\System32\msvcp_win.dll
0x00007ffac9660000 - 0x00007ffac975a000 	C:\Windows\System32\ucrtbase.dll
0x00007ffab9570000 - 0x00007ffab97e9000 	C:\Windows\WinSxS\amd64_microsoft.windows.common-controls_6595b64144ccf1df_6.0.17763.1158_none_de722d88534a897f\COMCTL32.dll
0x00007ffac9ad0000 - 0x00007ffac9dfc000 	C:\Windows\System32\combase.dll
0x00007ffac9560000 - 0x00007ffac95de000 	C:\Windows\System32\bcryptPrimitives.dll
0x00007ffac97d0000 - 0x00007ffac97fe000 	C:\Windows\System32\IMM32.DLL
0x0000000064a50000 - 0x0000000064b22000 	C:\Users\Rabbit\.jdks\corretto-1.8.0_252\jre\bin\msvcr100.dll
0x0000000063e70000 - 0x00000000646c1000 	C:\Users\Rabbit\.jdks\corretto-1.8.0_252\jre\bin\server\jvm.dll
0x00007ffac97c0000 - 0x00007ffac97c8000 	C:\Windows\System32\PSAPI.DLL
0x00007ffabc0d0000 - 0x00007ffabc0d9000 	C:\Windows\SYSTEM32\WSOCK32.dll
0x00007ffac41d0000 - 0x00007ffac41da000 	C:\Windows\SYSTEM32\VERSION.dll
0x00007ffabd290000 - 0x00007ffabd2b4000 	C:\Windows\SYSTEM32\WINMM.dll
0x00007ffacb950000 - 0x00007ffacb9bd000 	C:\Windows\System32\WS2_32.dll
0x00007ffabcb00000 - 0x00007ffabcb2d000 	C:\Windows\SYSTEM32\winmmbase.dll
0x00007ffac95e0000 - 0x00007ffac962a000 	C:\Windows\System32\cfgmgr32.dll
0x00007ffac2ba0000 - 0x00007ffac2baf000 	C:\Users\Rabbit\.jdks\corretto-1.8.0_252\jre\bin\verify.dll
0x00007ffac29d0000 - 0x00007ffac29f9000 	C:\Users\Rabbit\.jdks\corretto-1.8.0_252\jre\bin\java.dll
0x00007ffab9210000 - 0x00007ffab9233000 	C:\Users\Rabbit\.jdks\corretto-1.8.0_252\jre\bin\instrument.dll
0x00007ffac2b80000 - 0x00007ffac2b96000 	C:\Users\Rabbit\.jdks\corretto-1.8.0_252\jre\bin\zip.dll
0x00007ffac9e00000 - 0x00007ffacb2f4000 	C:\Windows\System32\SHELL32.dll
0x00007ffacb650000 - 0x00007ffacb6f8000 	C:\Windows\System32\shcore.dll
0x00007ffac8840000 - 0x00007ffac8f8d000 	C:\Windows\System32\windows.storage.dll
0x00007ffac8630000 - 0x00007ffac8654000 	C:\Windows\System32\profapi.dll
0x00007ffac8590000 - 0x00007ffac85ed000 	C:\Windows\System32\powrprof.dll
0x00007ffacb700000 - 0x00007ffacb752000 	C:\Windows\System32\shlwapi.dll
0x00007ffac85f0000 - 0x00007ffac8601000 	C:\Windows\System32\kernel.appcore.dll
0x00007ffac8f90000 - 0x00007ffac8fa7000 	C:\Windows\System32\cryptsp.dll
0x00007ffabb280000 - 0x00007ffabb29a000 	D:\IntelliJ IDEA 2020.1.1\bin\breakgen64.dll
0x00007ffabe240000 - 0x00007ffabe25a000 	C:\Users\Rabbit\.jdks\corretto-1.8.0_252\jre\bin\net.dll
0x00007ffac7e00000 - 0x00007ffac7e67000 	C:\Windows\system32\mswsock.dll
0x00007ffac2a70000 - 0x00007ffac2aa3000 	C:\Program Files (x86)\Sangfor\SSL\ClientComponent\SangforNspX64.dll
0x00007ffacb7f0000 - 0x00007ffacb945000 	C:\Windows\System32\ole32.dll
0x00007ffacba80000 - 0x00007ffacbb44000 	C:\Windows\System32\OLEAUT32.dll
0x00007ffac7b60000 - 0x00007ffac7c27000 	C:\Windows\SYSTEM32\DNSAPI.dll
0x00007ffacbf00000 - 0x00007ffacbf08000 	C:\Windows\System32\NSI.dll
0x00007ffac7b20000 - 0x00007ffac7b5d000 	C:\Windows\SYSTEM32\IPHLPAPI.DLL
0x0000000065e00000 - 0x0000000065e26000 	C:\Program Files\Bonjour\mdnsNSP.dll
0x00007ffabf8c0000 - 0x00007ffabf8ca000 	C:\Windows\System32\rasadhlp.dll
0x00007ffabfd00000 - 0x00007ffabfd79000 	C:\Windows\System32\fwpuclnt.dll
0x00007ffac9630000 - 0x00007ffac9656000 	C:\Windows\System32\bcrypt.dll
0x00007ffac29c0000 - 0x00007ffac29cd000 	C:\Users\Rabbit\.jdks\corretto-1.8.0_252\jre\bin\management.dll
0x00007ffabb2a0000 - 0x00007ffabb2b2000 	C:\Users\Rabbit\.jdks\corretto-1.8.0_252\jre\bin\nio.dll
0x00007ffac7920000 - 0x00007ffac7953000 	C:\Windows\system32\rsaenh.dll
0x00007ffac84c0000 - 0x00007ffac84e8000 	C:\Windows\SYSTEM32\USERENV.dll
0x00007ffac7fd0000 - 0x00007ffac7fdc000 	C:\Windows\SYSTEM32\CRYPTBASE.dll
0x00007ffac2610000 - 0x00007ffac2626000 	C:\Windows\SYSTEM32\dhcpcsvc6.DLL
0x00007ffac2500000 - 0x00007ffac251c000 	C:\Windows\SYSTEM32\dhcpcsvc.DLL
0x00007ffab8e10000 - 0x00007ffab8e26000 	C:\Windows\system32\napinsp.dll
0x00007ffab8df0000 - 0x00007ffab8e0a000 	C:\Windows\system32\pnrpnsp.dll
0x00007ffac31d0000 - 0x00007ffac31eb000 	C:\Windows\system32\NLAapi.dll
0x00007ffac00c0000 - 0x00007ffac00ce000 	C:\Windows\System32\winrnr.dll
0x00007ffac14a0000 - 0x00007ffac14b5000 	C:\Windows\system32\wshbth.dll
0x0000000000bb0000 - 0x0000000000bb3000 	C:\Users\Rabbit\.jdks\corretto-1.8.0_252\jre\bin\api-ms-win-core-console-l1-1-0.dll
0x0000000000bc0000 - 0x0000000000bc3000 	C:\Users\Rabbit\.jdks\corretto-1.8.0_252\jre\bin\api-ms-win-core-datetime-l1-1-0.dll
0x00000000026c0000 - 0x00000000026c3000 	C:\Users\Rabbit\.jdks\corretto-1.8.0_252\jre\bin\api-ms-win-core-debug-l1-1-0.dll
0x00000000026d0000 - 0x00000000026d3000 	C:\Users\Rabbit\.jdks\corretto-1.8.0_252\jre\bin\api-ms-win-core-errorhandling-l1-1-0.dll
0x00000000026e0000 - 0x00000000026e4000 	C:\Users\Rabbit\.jdks\corretto-1.8.0_252\jre\bin\api-ms-win-core-file-l1-1-0.dll
0x00000000026f0000 - 0x00000000026f3000 	C:\Users\Rabbit\.jdks\corretto-1.8.0_252\jre\bin\api-ms-win-core-file-l1-2-0.dll
0x0000000002700000 - 0x0000000002703000 	C:\Users\Rabbit\.jdks\corretto-1.8.0_252\jre\bin\api-ms-win-core-file-l2-1-0.dll
0x0000000002710000 - 0x0000000002713000 	C:\Users\Rabbit\.jdks\corretto-1.8.0_252\jre\bin\api-ms-win-core-handle-l1-1-0.dll
0x0000000002720000 - 0x0000000002723000 	C:\Users\Rabbit\.jdks\corretto-1.8.0_252\jre\bin\api-ms-win-core-heap-l1-1-0.dll
0x0000000002730000 - 0x0000000002733000 	C:\Users\Rabbit\.jdks\corretto-1.8.0_252\jre\bin\api-ms-win-core-interlocked-l1-1-0.dll
0x0000000002740000 - 0x0000000002743000 	C:\Users\Rabbit\.jdks\corretto-1.8.0_252\jre\bin\api-ms-win-core-libraryloader-l1-1-0.dll
0x0000000002750000 - 0x0000000002753000 	C:\Users\Rabbit\.jdks\corretto-1.8.0_252\jre\bin\api-ms-win-core-localization-l1-2-0.dll
0x0000000002760000 - 0x0000000002763000 	C:\Users\Rabbit\.jdks\corretto-1.8.0_252\jre\bin\api-ms-win-core-memory-l1-1-0.dll
0x0000000002770000 - 0x0000000002773000 	C:\Users\Rabbit\.jdks\corretto-1.8.0_252\jre\bin\api-ms-win-core-namedpipe-l1-1-0.dll
0x0000000002780000 - 0x0000000002783000 	C:\Users\Rabbit\.jdks\corretto-1.8.0_252\jre\bin\api-ms-win-core-processenvironment-l1-1-0.dll
0x0000000002790000 - 0x0000000002793000 	C:\Users\Rabbit\.jdks\corretto-1.8.0_252\jre\bin\api-ms-win-core-processthreads-l1-1-0.dll
0x00000000029b0000 - 0x00000000029b3000 	C:\Users\Rabbit\.jdks\corretto-1.8.0_252\jre\bin\api-ms-win-core-processthreads-l1-1-1.dll
0x00000000029c0000 - 0x00000000029c3000 	C:\Users\Rabbit\.jdks\corretto-1.8.0_252\jre\bin\api-ms-win-core-profile-l1-1-0.dll
0x00000000029d0000 - 0x00000000029d3000 	C:\Users\Rabbit\.jdks\corretto-1.8.0_252\jre\bin\api-ms-win-core-rtlsupport-l1-1-0.dll
0x00000000029e0000 - 0x00000000029e3000 	C:\Users\Rabbit\.jdks\corretto-1.8.0_252\jre\bin\api-ms-win-core-string-l1-1-0.dll
0x00000000029f0000 - 0x00000000029f3000 	C:\Users\Rabbit\.jdks\corretto-1.8.0_252\jre\bin\api-ms-win-core-synch-l1-1-0.dll
0x000000001afc0000 - 0x000000001afc3000 	C:\Users\Rabbit\.jdks\corretto-1.8.0_252\jre\bin\api-ms-win-core-synch-l1-2-0.dll
0x000000001afd0000 - 0x000000001afd3000 	C:\Users\Rabbit\.jdks\corretto-1.8.0_252\jre\bin\api-ms-win-core-sysinfo-l1-1-0.dll
0x000000001afe0000 - 0x000000001afe3000 	C:\Users\Rabbit\.jdks\corretto-1.8.0_252\jre\bin\api-ms-win-core-timezone-l1-1-0.dll
0x000000001aff0000 - 0x000000001aff3000 	C:\Users\Rabbit\.jdks\corretto-1.8.0_252\jre\bin\api-ms-win-core-util-l1-1-0.dll
0x000000001b000000 - 0x000000001b003000 	C:\Users\Rabbit\.jdks\corretto-1.8.0_252\jre\bin\api-ms-win-crt-conio-l1-1-0.dll
0x000000001b010000 - 0x000000001b014000 	C:\Users\Rabbit\.jdks\corretto-1.8.0_252\jre\bin\api-ms-win-crt-convert-l1-1-0.dll
0x000000001b130000 - 0x000000001b133000 	C:\Users\Rabbit\.jdks\corretto-1.8.0_252\jre\bin\api-ms-win-crt-environment-l1-1-0.dll
0x000000001b140000 - 0x000000001b143000 	C:\Users\Rabbit\.jdks\corretto-1.8.0_252\jre\bin\api-ms-win-crt-filesystem-l1-1-0.dll
0x000000001b150000 - 0x000000001b153000 	C:\Users\Rabbit\.jdks\corretto-1.8.0_252\jre\bin\api-ms-win-crt-heap-l1-1-0.dll
0x000000001b160000 - 0x000000001b163000 	C:\Users\Rabbit\.jdks\corretto-1.8.0_252\jre\bin\api-ms-win-crt-locale-l1-1-0.dll
0x000000001b170000 - 0x000000001b175000 	C:\Users\Rabbit\.jdks\corretto-1.8.0_252\jre\bin\api-ms-win-crt-math-l1-1-0.dll
0x000000001b180000 - 0x000000001b185000 	C:\Users\Rabbit\.jdks\corretto-1.8.0_252\jre\bin\api-ms-win-crt-multibyte-l1-1-0.dll
0x000000001b190000 - 0x000000001b1a0000 	C:\Users\Rabbit\.jdks\corretto-1.8.0_252\jre\bin\api-ms-win-crt-private-l1-1-0.dll
0x000000001b1a0000 - 0x000000001b1a3000 	C:\Users\Rabbit\.jdks\corretto-1.8.0_252\jre\bin\api-ms-win-crt-process-l1-1-0.dll
0x000000001b1b0000 - 0x000000001b1b4000 	C:\Users\Rabbit\.jdks\corretto-1.8.0_252\jre\bin\api-ms-win-crt-runtime-l1-1-0.dll
0x000000001b1c0000 - 0x000000001b1c4000 	C:\Users\Rabbit\.jdks\corretto-1.8.0_252\jre\bin\api-ms-win-crt-stdio-l1-1-0.dll
0x000000001b1d0000 - 0x000000001b1d4000 	C:\Users\Rabbit\.jdks\corretto-1.8.0_252\jre\bin\api-ms-win-crt-string-l1-1-0.dll
0x000000001b1e0000 - 0x000000001b1e3000 	C:\Users\Rabbit\.jdks\corretto-1.8.0_252\jre\bin\api-ms-win-crt-time-l1-1-0.dll
0x000000001b1f0000 - 0x000000001b1f3000 	C:\Users\Rabbit\.jdks\corretto-1.8.0_252\jre\bin\api-ms-win-crt-utility-l1-1-0.dll
0x00007ffa91b20000 - 0x00007ffa91c1c000 	C:\Users\Rabbit\.jdks\corretto-1.8.0_252\jre\bin\ucrtbase.dll
0x00007ffab8650000 - 0x00007ffab8665000 	C:\Users\Rabbit\.jdks\corretto-1.8.0_252\jre\bin\vcruntime140.dll
0x00007ffab74a0000 - 0x00007ffab753b000 	C:\Users\Rabbit\.jdks\corretto-1.8.0_252\jre\bin\msvcp140.dll
0x00007ffab7ce0000 - 0x00007ffab7d31000 	C:\Users\Rabbit\.jdks\corretto-1.8.0_252\jre\bin\concrt140.dll
0x00007ffab81f0000 - 0x00007ffab8213000 	C:\Users\Rabbit\.jdks\corretto-1.8.0_252\jre\bin\prism_d3d.dll
0x00007ffa8a6c0000 - 0x00007ffa8a85e000 	C:\Windows\system32\d3d9.dll
0x00007ffac6e90000 - 0x00007ffac6ebe000 	C:\Windows\SYSTEM32\dwmapi.dll
0x00007ffac8660000 - 0x00007ffac883c000 	C:\Windows\System32\CRYPT32.dll
0x00007ffac8610000 - 0x00007ffac8622000 	C:\Windows\System32\MSASN1.dll
0x00007ffac6b60000 - 0x00007ffac6bfc000 	C:\Windows\system32\uxtheme.dll
0x00007ffa810e0000 - 0x00007ffa812a0000 	C:\Windows\System32\DriverStore\FileRepository\igdlh64.inf_amd64_d03105a152ac7ed4\igdumdim64.dll
0x00007ffab4ce0000 - 0x00007ffab4e32000 	C:\Windows\System32\DriverStore\FileRepository\igdlh64.inf_amd64_d03105a152ac7ed4\igdgmm64.dll
0x00007ffab7a70000 - 0x00007ffab7ab5000 	C:\Users\Rabbit\.jdks\corretto-1.8.0_252\jre\bin\glass.dll
0x00007ffacbb80000 - 0x00007ffacbca7000 	C:\Windows\System32\COMDLG32.dll
0x00007ffacb300000 - 0x00007ffacb46b000 	C:\Windows\System32\MSCTF.dll
0x00007ffa71230000 - 0x00007ffa74e0b000 	C:\Windows\System32\DriverStore\FileRepository\igdlh64.inf_amd64_d03105a152ac7ed4\igd9dxva64.dll
0x00007ffac2640000 - 0x00007ffac2662000 	C:\Windows\System32\DriverStore\FileRepository\igdlh64.inf_amd64_d03105a152ac7ed4\igdinfo64.dll
0x00007ffab2980000 - 0x00007ffab4cd6000 	C:\Windows\System32\DriverStore\FileRepository\igdlh64.inf_amd64_d03105a152ac7ed4\igc64.dll
0x00007ffa80f40000 - 0x00007ffa810d8000 	C:\Users\Rabbit\.jdks\corretto-1.8.0_252\jre\bin\awt.dll
0x00007ffac69e0000 - 0x00007ffac6a6c000 	C:\Windows\SYSTEM32\apphelp.dll
0x00007ffab8630000 - 0x00007ffab8644000 	C:\Users\Rabbit\.jdks\corretto-1.8.0_252\jre\bin\javafx_font.dll
0x00007ffaace70000 - 0x00007ffaad16c000 	C:\Windows\SYSTEM32\dwrite.dll
0x00007ffacbf90000 - 0x00007ffacc032000 	C:\Windows\System32\clbcatq.dll
0x00007ffab1a70000 - 0x00007ffab1c28000 	C:\Windows\SYSTEM32\WindowsCodecs.dll

VM Arguments:
jvm_args: -XX:TieredStopAtLevel=1 -Xverify:none -Dspring.output.ansi.enabled=always -Dcom.sun.management.jmxremote -Dspring.jmx.enabled=true -Dspring.liveBeansView.mbeanDomain -Dspring.application.admin.enabled=true -javaagent:D:\IntelliJ IDEA 2020.1.1\lib\idea_rt.jar=2816:D:\IntelliJ IDEA 2020.1.1\bin -Dfile.encoding=UTF-8 
java_command: example.Main
java_class_path (initial): C:\Users\Rabbit\.jdks\corretto-1.8.0_252\jre\lib\charsets.jar;C:\Users\Rabbit\.jdks\corretto-1.8.0_252\jre\lib\ext\access-bridge-64.jar;C:\Users\Rabbit\.jdks\corretto-1.8.0_252\jre\lib\ext\cldrdata.jar;C:\Users\Rabbit\.jdks\corretto-1.8.0_252\jre\lib\ext\dnsns.jar;C:\Users\Rabbit\.jdks\corretto-1.8.0_252\jre\lib\ext\jaccess.jar;C:\Users\Rabbit\.jdks\corretto-1.8.0_252\jre\lib\ext\jfxrt.jar;C:\Users\Rabbit\.jdks\corretto-1.8.0_252\jre\lib\ext\localedata.jar;C:\Users\Rabbit\.jdks\corretto-1.8.0_252\jre\lib\ext\nashorn.jar;C:\Users\Rabbit\.jdks\corretto-1.8.0_252\jre\lib\ext\sunec.jar;C:\Users\Rabbit\.jdks\corretto-1.8.0_252\jre\lib\ext\sunjce_provider.jar;C:\Users\Rabbit\.jdks\corretto-1.8.0_252\jre\lib\ext\sunmscapi.jar;C:\Users\Rabbit\.jdks\corretto-1.8.0_252\jre\lib\ext\sunpkcs11.jar;C:\Users\Rabbit\.jdks\corretto-1.8.0_252\jre\lib\ext\zipfs.jar;C:\Users\Rabbit\.jdks\corretto-1.8.0_252\jre\lib\jce.jar;C:\Users\Rabbit\.jdks\corretto-1.8.0_252\jre\lib\jfxswt.jar;C:\Users\Rabbit\.jdks\corretto-1.8.0_252\jre\lib\jsse.jar;C:\Users\Rabbit\.jdks\corretto-1.8.0_252\jre\lib\management-agent.jar;C:\Users\Rabbit\.jdks\corretto-1.8.0_252\jre\lib\resources.jar;C:\Users\Rabbit\.jdks\corretto-1.8.0_252\jre\lib\rt.jar;D:\Code\final\test\target\classes;C:\Users\Rabbit\.m2\repository\com\alibaba\fastjson\1.2.47\fastjson-1.2.47.jar;C:\Users\Rabbit\.m2\repository\org\springframework\boot\spring-boot-starter\2.0.0.RELEASE\spring-boot-starter-2.0.0.RELEASE.jar;C:\Users\Rabbit\.m2\repository\org\springframework\boot\spring-boot\2.0.0.RELEASE\spring-boot-2.0.0.RELEASE.jar;C:\Users\Rabbit\.m2\repository\org\springframework\spring-context\5.0.4.RELEASE\spring-context-5.0.4.RELEASE.jar;C:\Users\Rabbit\.m2\repository\org\springframework\spring-expression\5.0.4.RELEASE\spring-expression-5.0.4.RELEASE.jar;C:\Users\Rabbit\.m2\repository\org\springframework\boot\spring-boot-autoconfigure\2.0.0.RELEASE\spring-boot-autoconfigure-2.0.0.RELEASE.jar;C:\Users\Rabbit\.m2\rep
Launcher Type: SUN_STANDARD

Environment Variables:
PATH=C:\Program Files (x86)\Common Files\Oracle\Java\javapath;C:\Windows\system32;C:\Windows;C:\Windows\System32\Wbem;C:\Windows\System32\WindowsPowerShell\v1.0\;C:\Windows\System32\OpenSSH\;C:\Program Files (x86)\dotnet\;D:\Git\cmd;C:\Users\Rabbit\AppData\Local\Microsoft\WindowsApps;
USERNAME=Rabbit
OS=Windows_NT
PROCESSOR_IDENTIFIER=Intel64 Family 6 Model 158 Stepping 9, GenuineIntel



---------------  S Y S T E M  ---------------

OS: Windows 10.0 , 64 bit Build 17763 (10.0.17763.1158)

CPU:total 8 (initial active 8) (4 cores per cpu, 2 threads per core) family 6 model 158 stepping 9, cmov, cx8, fxsr, mmx, sse, sse2, sse3, ssse3, sse4.1, sse4.2, popcnt, avx, avx2, aes, clmul, erms, 3dnowpref, lzcnt, ht, tsc, tscinvbit, bmi1, bmi2, adx

Memory: 4k page, physical 8302800k(3102800k free), swap 11579600k(3976020k free)

vm_info: OpenJDK 64-Bit Server VM (25.252-b09) for windows-amd64 JRE (1.8.0_252-b09), built on Apr 17 2020 18:10:37 by "Administrator" with MS VC++ 10.0 (VS2010)

time: Sun May 17 21:46:25 2020
timezone: 中国标准时间
elapsed time: 13 seconds (0d 0h 0m 13s)

